"report-def-0-rfile"
"Iteration" "report-def-0"
("Iteration" "report-def-0")
1 2162.710128025415
2 4707.428934843498
3 11366.10042844291
4 27604.44636994402
5 37535.58922982179
6 50252.47205051322
7 56026.0130098525
8 62417.09227642314
9 71030.42801189331
10 75417.24510225662
11 78901.70862160371
12 131634.6141381966
13 133468.5909000102
14 135540.8225288386
15 137386.1810221632
16 138930.3214277403
17 140384.9817621946
18 142562.6957947004
19 143636.5443133826
20 145019.7400576271
21 146935.0417477779
22 148450.8018665517
23 149693.1485758191
24 150654.1651385658
25 152118.6016700319
26 153328.8638670436
27 154927.1112678997
28 155890.5324539156
29 157133.9458277856
30 157957.7203030151
31 158712.3070363323
32 159777.2095518508
33 160712.2143751327
34 161571.3946199614
35 162329.4364306394
36 163370.9087770991
37 164245.2281460941
38 164927.9211713067
39 165803.2500668164
40 166553.6880912518
41 167224.6470017321
42 167877.5563435337
43 168415.9756851925
44 169037.3613443128
45 169565.1852756286
46 170157.5363038056
47 170748.8445195189
48 171298.652796077
49 172174.4352742617
50 172649.0481678543
51 173287.4741118159
52 173913.7392262786
53 174412.1035758802
54 174875.435239661
55 175465.1824565293
56 176081.6573319589
57 176507.3213802319
58 176916.6253195027
59 177474.3209585448
60 177959.4814298024
61 178265.0420141882
62 178693.0195913215
63 179035.0709409383
64 179357.8715988351
65 179667.5048333429
66 179990.8160353592
67 180294.778773463
68 180565.2950334801
69 180812.9992168236
70 181159.6386203814
71 181418.7574623277
72 181772.8453736379
73 182077.3127230661
74 182496.614325322
75 182962.7639402586
76 183270.2102781763
77 183704.6499052077
78 183955.4786401792
79 184194.1149286036
80 184531.8828008865
81 184827.90260995
82 185362.4322668982
83 185750.2688381654
84 185980.7977816502
85 186276.2677508917
86 186516.2102332706
87 186836.0199844795
88 187125.9797553875
89 187390.3468369698
90 187621.7663001174
91 187789.3237782656
92 188030.0748120104
93 188132.7169212975
94 188312.9577940991
95 188527.0464094793
96 188677.98519908
97 188763.7114814618
98 188888.8122054167
99 189034.1328282435
100 189145.5864090047
101 189288.8748640885
102 189431.4499329189
103 189600.2981810385
104 189746.0917427464
105 189959.317260036
106 190097.1107976664
107 190234.6381904897
108 190336.5040561834
109 190432.3305816313
110 190586.4973076512
111 190706.3489985588
112 190834.1147295188
113 191053.9887006156
114 191169.1173956409
115 191302.4880245719
116 191444.3475204209
117 191518.9056227522
118 191657.9555855701
119 191759.6242318332
120 191886.2102964341
121 191971.5575145424
122 192090.8972915436
123 192166.3919163939
124 192283.075480604
125 192416.5468928086
126 192508.5664191335
127 192620.8670522445
128 192701.0584126943
129 192779.0549873337
130 192856.4767032477
131 192896.9269567543
132 192965.3251397505
133 193044.8186583455
134 193126.3608928943
135 193177.2056946299
136 193245.6585956512
137 193361.2643798616
138 193481.7119087933
139 193568.3067727718
140 193649.411999451
141 193721.1467104658
142 193817.0364806431
143 193932.8365173223
144 194013.6477379472
145 194071.8148159278
146 194119.0079379739
147 194187.8779719548
148 194207.0324211081
149 194208.3718053623
150 194201.1349519588
151 194178.9817613357
152 194149.7446554301
153 194119.4865803438
154 194088.9672733981
155 194070.1741751359
156 194061.9952519039
157 194063.20413034
158 194083.3670937307
159 194110.4626802535
160 194147.49075742
161 194197.5985977813
162 194227.6198858736
163 194264.2718227968
164 194299.8273815633
165 194318.9098480165
166 194328.9902972092
167 194336.4830004246
168 194334.2982149993
169 194328.2282488715
170 194320.0053836529
171 194320.3957108425
172 194326.7695295534
173 194334.5234333914
174 194353.7169822094
175 194387.5563917221
176 194417.0777881255
177 194440.361878902
178 194454.6243488465
179 194464.9197105134
180 194455.7032998549
181 194429.2445383156
182 194392.3204776847
183 194359.7870604575
184 194317.8699350081
185 194267.0325201208
186 194222.9660996992
187 194188.0386978395
188 194151.6784045099
189 194119.5915969192
190 194092.9710514477
191 194077.9662066716
192 194072.4184524334
193 194064.0102916417
194 194074.8878906399
195 194103.5028320674
196 194129.0468575821
197 194156.7478583607
198 194178.4870287717
199 194188.9428542613
200 194201.7898816959
201 194217.7784724325
202 194225.4896021388
203 194237.4523702163
204 194259.9817947372
205 194285.9372266557
206 194330.4317303102
207 194380.7499885352
208 194446.3803016673
209 194520.2549319425
210 194576.617271913
211 194625.3110969202
212 194659.8806141876
213 194679.2447841037
214 194703.9585063968
215 194735.5846703809
216 194748.3861933744
217 194776.0854993874
218 194804.3270755243
219 194841.3196517916
220 194869.3677974265
221 194894.1288474808
222 194911.9071530037
223 194939.5522431852
224 194963.5102405409
225 194997.549658612
226 195029.6972778128
227 195052.9081850802
228 195065.4978463542
229 195065.3032904512
230 195063.5836592464
231 195050.89778036
232 195034.5793330384
233 195017.4569318201
234 194979.1741814224
235 194958.548875584
236 194931.5922825518
237 194896.0193290296
238 194863.9875812927
239 194842.4481524151
240 194814.3159025317
241 194798.1693577072
242 194781.7220151569
243 194752.5603774808
244 194721.165746646
245 194691.4307186634
246 194664.7156555262
247 194650.971906726
248 194632.2811205504
249 194629.2153165404
250 194626.9066759218
251 194620.3240152011
252 194625.5742078918
253 194636.1606272196
254 194647.1760224355
255 194650.0769922878
256 194660.4443081287
257 194684.8571455674
258 194706.9734601508
259 194713.0300670135
260 194729.149448208
261 194749.3600358267
262 194768.8373487894
263 194788.1364978643
264 194790.8636088512
265 194794.9893597744
266 194778.3756909893
267 194764.4409521703
268 194744.5500855444
269 194736.264628718
270 194736.8969691725
271 194753.0661388425
272 194766.1613750543
273 194792.796161611
274 194811.5715131566
275 194818.5863778075
276 194820.8767740487
277 194805.7686351363
278 194786.4544226759
279 194767.981117592
280 194758.3137667001
281 194745.7688757941
282 194740.3742841874
283 194743.0561429333
284 194744.678550906
285 194748.2757263943
286 194728.7924023668
287 194719.2021227553
288 194702.7748206624
289 194691.6448887539
290 194685.3135225301
291 194690.1189588846
292 194702.6348366254
293 194719.9413957103
294 194733.5927933801
295 194737.398839443
296 194745.7449762889
297 194750.0496656715
298 194755.8130579472
299 194759.1492998333
300 194761.644119883
